{"contracts/SaleBNBSTEW.sol":{"l":{"34":6,"35":4,"44":1,"60":4,"71":1,"72":1,"83":1,"84":1,"94":3,"104":1,"119":6,"120":20,"124":18,"143":19,"144":17,"145":15,"146":13,"147":13,"148":13,"150":9,"151":9,"155":7,"156":7,"157":1,"159":7,"173":3,"187":1,"188":1,"205":13,"206":12,"207":10,"208":8,"210":1,"234":6,"236":6,"239":6},"path":"/Users/bspachai/Desktop/projects/github.com/balajipachai/project-template-blockchain/contracts/SaleBNBSTEW.sol","s":{"1":6,"2":4,"3":4,"4":1,"5":1,"6":1,"7":1,"8":3,"9":1,"10":6,"11":20,"12":18,"13":19,"14":17,"15":15,"16":13,"17":13,"18":13,"19":9,"20":9,"21":7,"22":7,"23":1,"24":7,"25":3,"26":1,"27":1,"28":13,"29":12,"30":10,"31":8,"32":1,"33":6,"34":6},"b":{"1":[4,2],"2":[18,2],"3":[17,2],"4":[15,2],"5":[13,2],"6":[7,2],"7":[1,6],"8":[7,0],"9":[3,0],"10":[1,0],"11":[12,1],"12":[10,2],"13":[8,2]},"f":{"1":6,"2":0,"3":4,"4":1,"5":1,"6":3,"7":1,"8":6,"9":19,"10":3,"11":1,"12":13,"13":6},"fnMap":{"1":{"name":"constructor","line":33,"loc":{"start":{"line":33,"column":4},"end":{"line":36,"column":4}}},"2":{"name":null,"line":51,"loc":{"start":{"line":51,"column":4},"end":{"line":51,"column":33}}},"3":{"name":"toggleSalePreToPublic","line":59,"loc":{"start":{"line":59,"column":4},"end":{"line":61,"column":4}}},"4":{"name":"pauseSale","line":70,"loc":{"start":{"line":70,"column":4},"end":{"line":73,"column":4}}},"5":{"name":"unPauseSale","line":82,"loc":{"start":{"line":82,"column":4},"end":{"line":85,"column":4}}},"6":{"name":"startSale","line":93,"loc":{"start":{"line":93,"column":4},"end":{"line":95,"column":4}}},"7":{"name":"endSale","line":103,"loc":{"start":{"line":103,"column":4},"end":{"line":105,"column":4}}},"8":{"name":"addWhitelistAddresses","line":117,"loc":{"start":{"line":115,"column":4},"end":{"line":126,"column":4}}},"9":{"name":"buySTEWs","line":142,"loc":{"start":{"line":142,"column":4},"end":{"line":163,"column":4}}},"10":{"name":"withdrawBNBs","line":172,"loc":{"start":{"line":172,"column":4},"end":{"line":177,"column":4}}},"11":{"name":"transferSTEWs","line":186,"loc":{"start":{"line":186,"column":4},"end":{"line":192,"column":4}}},"12":{"name":"getSTEWsForBNB","line":200,"loc":{"start":{"line":200,"column":4},"end":{"line":211,"column":4}}},"13":{"name":"isContract","line":230,"loc":{"start":{"line":230,"column":4},"end":{"line":240,"column":4}}}},"statementMap":{"1":{"start":{"line":34,"column":8},"end":{"line":34,"column":69}},"2":{"start":{"line":35,"column":8},"end":{"line":35,"column":41}},"3":{"start":{"line":60,"column":8},"end":{"line":60,"column":29}},"4":{"start":{"line":71,"column":8},"end":{"line":71,"column":26}},"5":{"start":{"line":72,"column":8},"end":{"line":72,"column":25}},"6":{"start":{"line":83,"column":8},"end":{"line":83,"column":27}},"7":{"start":{"line":84,"column":8},"end":{"line":84,"column":27}},"8":{"start":{"line":94,"column":8},"end":{"line":94,"column":28}},"9":{"start":{"line":104,"column":8},"end":{"line":104,"column":26}},"10":{"start":{"line":119,"column":8},"end":{"line":119,"column":3371}},"11":{"start":{"line":120,"column":12},"end":{"line":120,"column":3445}},"12":{"start":{"line":124,"column":12},"end":{"line":124,"column":61}},"13":{"start":{"line":143,"column":8},"end":{"line":143,"column":59}},"14":{"start":{"line":144,"column":8},"end":{"line":144,"column":43}},"15":{"start":{"line":145,"column":8},"end":{"line":145,"column":60}},"16":{"start":{"line":146,"column":8},"end":{"line":146,"column":59}},"17":{"start":{"line":147,"column":8},"end":{"line":147,"column":56}},"18":{"start":{"line":148,"column":8},"end":{"line":148,"column":4717}},"19":{"start":{"line":150,"column":8},"end":{"line":150,"column":65}},"20":{"start":{"line":151,"column":8},"end":{"line":151,"column":4824}},"21":{"start":{"line":155,"column":8},"end":{"line":155,"column":36}},"22":{"start":{"line":156,"column":8},"end":{"line":156,"column":5009}},"23":{"start":{"line":157,"column":12},"end":{"line":157,"column":30}},"24":{"start":{"line":159,"column":8},"end":{"line":159,"column":5125}},"25":{"start":{"line":173,"column":8},"end":{"line":173,"column":5551}},"26":{"start":{"line":187,"column":8},"end":{"line":187,"column":71}},"27":{"start":{"line":188,"column":8},"end":{"line":188,"column":6051}},"28":{"start":{"line":205,"column":8},"end":{"line":205,"column":6501}},"29":{"start":{"line":206,"column":12},"end":{"line":206,"column":78}},"30":{"start":{"line":207,"column":12},"end":{"line":207,"column":78}},"31":{"start":{"line":208,"column":12},"end":{"line":208,"column":58}},"32":{"start":{"line":210,"column":8},"end":{"line":210,"column":57}},"33":{"start":{"line":234,"column":8},"end":{"line":234,"column":20}},"34":{"start":{"line":239,"column":8},"end":{"line":239,"column":23}}},"branchMap":{"1":{"line":34,"type":"if","locations":[{"start":{"line":34,"column":8},"end":{"line":34,"column":8}},{"start":{"line":34,"column":8},"end":{"line":34,"column":8}}]},"2":{"line":120,"type":"if","locations":[{"start":{"line":120,"column":12},"end":{"line":120,"column":12}},{"start":{"line":120,"column":12},"end":{"line":120,"column":12}}]},"3":{"line":143,"type":"if","locations":[{"start":{"line":143,"column":8},"end":{"line":143,"column":8}},{"start":{"line":143,"column":8},"end":{"line":143,"column":8}}]},"4":{"line":144,"type":"if","locations":[{"start":{"line":144,"column":8},"end":{"line":144,"column":8}},{"start":{"line":144,"column":8},"end":{"line":144,"column":8}}]},"5":{"line":145,"type":"if","locations":[{"start":{"line":145,"column":8},"end":{"line":145,"column":8}},{"start":{"line":145,"column":8},"end":{"line":145,"column":8}}]},"6":{"line":151,"type":"if","locations":[{"start":{"line":151,"column":8},"end":{"line":151,"column":8}},{"start":{"line":151,"column":8},"end":{"line":151,"column":8}}]},"7":{"line":156,"type":"if","locations":[{"start":{"line":156,"column":8},"end":{"line":156,"column":8}},{"start":{"line":156,"column":8},"end":{"line":156,"column":8}}]},"8":{"line":159,"type":"if","locations":[{"start":{"line":159,"column":8},"end":{"line":159,"column":8}},{"start":{"line":159,"column":8},"end":{"line":159,"column":8}}]},"9":{"line":173,"type":"if","locations":[{"start":{"line":173,"column":8},"end":{"line":173,"column":8}},{"start":{"line":173,"column":8},"end":{"line":173,"column":8}}]},"10":{"line":188,"type":"if","locations":[{"start":{"line":188,"column":8},"end":{"line":188,"column":8}},{"start":{"line":188,"column":8},"end":{"line":188,"column":8}}]},"11":{"line":205,"type":"if","locations":[{"start":{"line":205,"column":8},"end":{"line":205,"column":8}},{"start":{"line":205,"column":8},"end":{"line":205,"column":8}}]},"12":{"line":206,"type":"if","locations":[{"start":{"line":206,"column":12},"end":{"line":206,"column":12}},{"start":{"line":206,"column":12},"end":{"line":206,"column":12}}]},"13":{"line":207,"type":"if","locations":[{"start":{"line":207,"column":12},"end":{"line":207,"column":12}},{"start":{"line":207,"column":12},"end":{"line":207,"column":12}}]}}},"contracts/STEW.sol":{"l":{"19":5,"20":5,"39":2,"52":1,"62":1,"82":15},"path":"/Users/bspachai/Desktop/projects/github.com/balajipachai/project-template-blockchain/contracts/STEW.sol","s":{"1":5,"2":5,"3":2,"4":1,"5":1,"6":15},"b":{"1":[1,0]},"f":{"1":5,"2":0,"3":2,"4":1,"5":1,"6":15},"fnMap":{"1":{"name":"constructor","line":18,"loc":{"start":{"line":18,"column":4},"end":{"line":21,"column":4}}},"2":{"name":null,"line":30,"loc":{"start":{"line":30,"column":4},"end":{"line":30,"column":33}}},"3":{"name":"updateDecimals","line":38,"loc":{"start":{"line":38,"column":4},"end":{"line":40,"column":4}}},"4":{"name":"burn","line":51,"loc":{"start":{"line":51,"column":4},"end":{"line":53,"column":4}}},"5":{"name":"withdrawAll","line":61,"loc":{"start":{"line":61,"column":4},"end":{"line":66,"column":4}}},"6":{"name":"decimals","line":81,"loc":{"start":{"line":81,"column":4},"end":{"line":83,"column":4}}}},"statementMap":{"1":{"start":{"line":19,"column":8},"end":{"line":19,"column":25}},"2":{"start":{"line":20,"column":8},"end":{"line":20,"column":43}},"3":{"start":{"line":39,"column":8},"end":{"line":39,"column":35}},"4":{"start":{"line":52,"column":8},"end":{"line":52,"column":29}},"5":{"start":{"line":62,"column":8},"end":{"line":62,"column":1908}},"6":{"start":{"line":82,"column":8},"end":{"line":82,"column":28}}},"branchMap":{"1":{"line":62,"type":"if","locations":[{"start":{"line":62,"column":8},"end":{"line":62,"column":8}},{"start":{"line":62,"column":8},"end":{"line":62,"column":8}}]}}}}