{"contracts/SaleBNBSTEW.sol":{"l":{"34":5,"35":3,"58":3,"69":1,"70":1,"81":1,"82":1,"92":2,"102":1,"117":5,"118":17,"122":15,"141":18,"142":16,"143":14,"144":12,"145":12,"146":12,"148":8,"149":8,"153":6,"154":6,"155":1,"157":6,"171":2,"185":1,"186":1,"203":12,"204":11,"205":9,"206":7,"208":1,"232":5,"234":5,"237":5},"path":"/Users/bspachai/Desktop/projects/github.com/balajipachai/project-template-blockchain/contracts/SaleBNBSTEW.sol","s":{"1":5,"2":3,"3":3,"4":1,"5":1,"6":1,"7":1,"8":2,"9":1,"10":5,"11":17,"12":15,"13":18,"14":16,"15":14,"16":12,"17":12,"18":12,"19":8,"20":8,"21":6,"22":6,"23":1,"24":6,"25":2,"26":1,"27":1,"28":12,"29":11,"30":9,"31":7,"32":1,"33":5,"34":5},"b":{"1":[3,2],"2":[15,2],"3":[16,2],"4":[14,2],"5":[12,2],"6":[6,2],"7":[1,5],"8":[6,0],"9":[2,0],"10":[1,0],"11":[11,1],"12":[9,2],"13":[7,2]},"f":{"1":5,"2":0,"3":3,"4":1,"5":1,"6":2,"7":1,"8":5,"9":18,"10":2,"11":1,"12":12,"13":5},"fnMap":{"1":{"name":"constructor","line":33,"loc":{"start":{"line":33,"column":4},"end":{"line":36,"column":4}}},"2":{"name":null,"line":49,"loc":{"start":{"line":49,"column":4},"end":{"line":49,"column":33}}},"3":{"name":"toggleSalePreToPublic","line":57,"loc":{"start":{"line":57,"column":4},"end":{"line":59,"column":4}}},"4":{"name":"pauseSale","line":68,"loc":{"start":{"line":68,"column":4},"end":{"line":71,"column":4}}},"5":{"name":"unPauseSale","line":80,"loc":{"start":{"line":80,"column":4},"end":{"line":83,"column":4}}},"6":{"name":"startSale","line":91,"loc":{"start":{"line":91,"column":4},"end":{"line":93,"column":4}}},"7":{"name":"endSale","line":101,"loc":{"start":{"line":101,"column":4},"end":{"line":103,"column":4}}},"8":{"name":"addWhitelistAddresses","line":115,"loc":{"start":{"line":113,"column":4},"end":{"line":124,"column":4}}},"9":{"name":"buySTEWs","line":140,"loc":{"start":{"line":140,"column":4},"end":{"line":161,"column":4}}},"10":{"name":"withdrawBNBs","line":170,"loc":{"start":{"line":170,"column":4},"end":{"line":175,"column":4}}},"11":{"name":"transferSTEWs","line":184,"loc":{"start":{"line":184,"column":4},"end":{"line":190,"column":4}}},"12":{"name":"getSTEWsForBNB","line":198,"loc":{"start":{"line":198,"column":4},"end":{"line":209,"column":4}}},"13":{"name":"isContract","line":228,"loc":{"start":{"line":228,"column":4},"end":{"line":238,"column":4}}}},"statementMap":{"1":{"start":{"line":34,"column":8},"end":{"line":34,"column":69}},"2":{"start":{"line":35,"column":8},"end":{"line":35,"column":41}},"3":{"start":{"line":58,"column":8},"end":{"line":58,"column":29}},"4":{"start":{"line":69,"column":8},"end":{"line":69,"column":26}},"5":{"start":{"line":70,"column":8},"end":{"line":70,"column":25}},"6":{"start":{"line":81,"column":8},"end":{"line":81,"column":27}},"7":{"start":{"line":82,"column":8},"end":{"line":82,"column":27}},"8":{"start":{"line":92,"column":8},"end":{"line":92,"column":28}},"9":{"start":{"line":102,"column":8},"end":{"line":102,"column":26}},"10":{"start":{"line":117,"column":8},"end":{"line":117,"column":3346}},"11":{"start":{"line":118,"column":12},"end":{"line":118,"column":3420}},"12":{"start":{"line":122,"column":12},"end":{"line":122,"column":61}},"13":{"start":{"line":141,"column":8},"end":{"line":141,"column":59}},"14":{"start":{"line":142,"column":8},"end":{"line":142,"column":43}},"15":{"start":{"line":143,"column":8},"end":{"line":143,"column":60}},"16":{"start":{"line":144,"column":8},"end":{"line":144,"column":59}},"17":{"start":{"line":145,"column":8},"end":{"line":145,"column":56}},"18":{"start":{"line":146,"column":8},"end":{"line":146,"column":4692}},"19":{"start":{"line":148,"column":8},"end":{"line":148,"column":65}},"20":{"start":{"line":149,"column":8},"end":{"line":149,"column":4799}},"21":{"start":{"line":153,"column":8},"end":{"line":153,"column":36}},"22":{"start":{"line":154,"column":8},"end":{"line":154,"column":4984}},"23":{"start":{"line":155,"column":12},"end":{"line":155,"column":30}},"24":{"start":{"line":157,"column":8},"end":{"line":157,"column":5100}},"25":{"start":{"line":171,"column":8},"end":{"line":171,"column":5526}},"26":{"start":{"line":185,"column":8},"end":{"line":185,"column":71}},"27":{"start":{"line":186,"column":8},"end":{"line":186,"column":6026}},"28":{"start":{"line":203,"column":8},"end":{"line":203,"column":6476}},"29":{"start":{"line":204,"column":12},"end":{"line":204,"column":78}},"30":{"start":{"line":205,"column":12},"end":{"line":205,"column":78}},"31":{"start":{"line":206,"column":12},"end":{"line":206,"column":58}},"32":{"start":{"line":208,"column":8},"end":{"line":208,"column":57}},"33":{"start":{"line":232,"column":8},"end":{"line":232,"column":20}},"34":{"start":{"line":237,"column":8},"end":{"line":237,"column":23}}},"branchMap":{"1":{"line":34,"type":"if","locations":[{"start":{"line":34,"column":8},"end":{"line":34,"column":8}},{"start":{"line":34,"column":8},"end":{"line":34,"column":8}}]},"2":{"line":118,"type":"if","locations":[{"start":{"line":118,"column":12},"end":{"line":118,"column":12}},{"start":{"line":118,"column":12},"end":{"line":118,"column":12}}]},"3":{"line":141,"type":"if","locations":[{"start":{"line":141,"column":8},"end":{"line":141,"column":8}},{"start":{"line":141,"column":8},"end":{"line":141,"column":8}}]},"4":{"line":142,"type":"if","locations":[{"start":{"line":142,"column":8},"end":{"line":142,"column":8}},{"start":{"line":142,"column":8},"end":{"line":142,"column":8}}]},"5":{"line":143,"type":"if","locations":[{"start":{"line":143,"column":8},"end":{"line":143,"column":8}},{"start":{"line":143,"column":8},"end":{"line":143,"column":8}}]},"6":{"line":149,"type":"if","locations":[{"start":{"line":149,"column":8},"end":{"line":149,"column":8}},{"start":{"line":149,"column":8},"end":{"line":149,"column":8}}]},"7":{"line":154,"type":"if","locations":[{"start":{"line":154,"column":8},"end":{"line":154,"column":8}},{"start":{"line":154,"column":8},"end":{"line":154,"column":8}}]},"8":{"line":157,"type":"if","locations":[{"start":{"line":157,"column":8},"end":{"line":157,"column":8}},{"start":{"line":157,"column":8},"end":{"line":157,"column":8}}]},"9":{"line":171,"type":"if","locations":[{"start":{"line":171,"column":8},"end":{"line":171,"column":8}},{"start":{"line":171,"column":8},"end":{"line":171,"column":8}}]},"10":{"line":186,"type":"if","locations":[{"start":{"line":186,"column":8},"end":{"line":186,"column":8}},{"start":{"line":186,"column":8},"end":{"line":186,"column":8}}]},"11":{"line":203,"type":"if","locations":[{"start":{"line":203,"column":8},"end":{"line":203,"column":8}},{"start":{"line":203,"column":8},"end":{"line":203,"column":8}}]},"12":{"line":204,"type":"if","locations":[{"start":{"line":204,"column":12},"end":{"line":204,"column":12}},{"start":{"line":204,"column":12},"end":{"line":204,"column":12}}]},"13":{"line":205,"type":"if","locations":[{"start":{"line":205,"column":12},"end":{"line":205,"column":12}},{"start":{"line":205,"column":12},"end":{"line":205,"column":12}}]}}},"contracts/STEW.sol":{"l":{"19":4,"20":4,"39":2,"52":1,"62":1,"82":14},"path":"/Users/bspachai/Desktop/projects/github.com/balajipachai/project-template-blockchain/contracts/STEW.sol","s":{"1":4,"2":4,"3":2,"4":1,"5":1,"6":14},"b":{"1":[1,0]},"f":{"1":4,"2":0,"3":2,"4":1,"5":1,"6":14},"fnMap":{"1":{"name":"constructor","line":18,"loc":{"start":{"line":18,"column":4},"end":{"line":21,"column":4}}},"2":{"name":null,"line":30,"loc":{"start":{"line":30,"column":4},"end":{"line":30,"column":33}}},"3":{"name":"updateDecimals","line":38,"loc":{"start":{"line":38,"column":4},"end":{"line":40,"column":4}}},"4":{"name":"burn","line":51,"loc":{"start":{"line":51,"column":4},"end":{"line":53,"column":4}}},"5":{"name":"withdrawAll","line":61,"loc":{"start":{"line":61,"column":4},"end":{"line":66,"column":4}}},"6":{"name":"decimals","line":81,"loc":{"start":{"line":81,"column":4},"end":{"line":83,"column":4}}}},"statementMap":{"1":{"start":{"line":19,"column":8},"end":{"line":19,"column":25}},"2":{"start":{"line":20,"column":8},"end":{"line":20,"column":43}},"3":{"start":{"line":39,"column":8},"end":{"line":39,"column":35}},"4":{"start":{"line":52,"column":8},"end":{"line":52,"column":29}},"5":{"start":{"line":62,"column":8},"end":{"line":62,"column":1908}},"6":{"start":{"line":82,"column":8},"end":{"line":82,"column":28}}},"branchMap":{"1":{"line":62,"type":"if","locations":[{"start":{"line":62,"column":8},"end":{"line":62,"column":8}},{"start":{"line":62,"column":8},"end":{"line":62,"column":8}}]}}}}